<?xml version='1.0' encoding='UTF-8'?>
<testsuite hostname="DESKTOP-Q8A6KNP" name="org.weather.model.forecast.TestInitalProcess" tests="8" errors="0" failures="0" skipped="0" time="1.657" timestamp="2020-04-10T17:45:34">
                     <properties>
[...]
</properties>
                     <testcase classname="org.weather.model.forecast.TestInitalProcess" name="Test Mandotry Parms checking" time="0.093">
                                                 
                                               </testcase><testcase classname="org.weather.model.forecast.TestInitalProcess" name="Test to Check all parms are pased correctly" time="0.002">
                                                 
                                               </testcase><testcase classname="org.weather.model.forecast.TestInitalProcess" name="Test invalid Month exception" time="0.088">
                                                 
                                               </testcase><testcase classname="org.weather.model.forecast.TestInitalProcess" name="Test invalid Year exception" time="0.009">
                                                 
                                               </testcase><testcase classname="org.weather.model.forecast.TestInitalProcess" name="Test valid date out of range exception" time="0.022">
                                                 
                                               </testcase><testcase classname="org.weather.model.forecast.TestInitalProcess" name="Parsing of valid date" time="0.001">
                                                 
                                               </testcase><testcase classname="org.weather.model.forecast.TestInitalProcess" name="Test exception for invalid min &amp; max dates" time="0.011">
                                                 
                                               </testcase><testcase classname="org.weather.model.forecast.TestInitalProcess" name="Test download File" time="1.431">
                                                 
                                               </testcase>
                     <system-out><![CDATA[]]></system-out>
                     <system-err><![CDATA[]]></system-err>
                   </testsuite>